2026-01-14 01:12:33,061 [INFO] server: サーバー起動処理を開始します
2026-01-14 01:12:33,061 [INFO] server: 設定をロードしました: 0 件
2026-01-14 01:12:33,062 [INFO] server: MAVLink リスナースレッドを起動します
2026-01-14 01:12:33,063 [INFO] server: Waiting for stream to start
2026-01-14 01:12:33,063 [INFO] server: HTTP サーバーを起動します (0.0.0.0:5000)
2026-01-14 01:12:33,064 [INFO] server: aiohttp startup 処理開始
2026-01-14 01:12:33,064 [INFO] server: run_control_loop タスクを開始しました
2026-01-14 01:12:33,064 [INFO] server: Starting control/broadcast loop (run_control_loop)
2026-01-14 01:12:33,543 [INFO] server: WebSocket connection established: 127.0.0.1 (connections=1)
2026-01-14 01:12:33,565 [INFO] server: Stream started
2026-01-14 01:12:33,565 [INFO] server: Starting in replay mode
2026-01-14 01:12:33,565 [INFO] server: Starting replay process
2026-01-14 01:12:33,565 [INFO] server: Replay log path: logs_ws\log_doron_Real.json
2026-01-14 01:12:33,573 [INFO] server: Replay log loading complete (count=130)
2026-01-14 01:12:38,617 [INFO] server: Replay completed (total frames=130)
2026-01-14 01:12:38,665 [INFO] server: Replay finished
2026-01-14 01:12:38,665 [INFO] server: Loop finished
2026-01-14 01:13:12,240 [INFO] server: Saved settings and updated cache: test4528
2026-01-14 01:13:19,661 [INFO] server: WebSocket disconnected: 127.0.0.1
2026-01-14 01:13:23,798 [INFO] server: サーバー起動処理を開始します
2026-01-14 01:13:23,798 [INFO] server: 設定をロードしました: 1 件
2026-01-14 01:13:23,799 [INFO] server: MAVLink リスナースレッドを起動します
2026-01-14 01:13:23,799 [INFO] server: Waiting for stream to start
2026-01-14 01:13:23,799 [INFO] server: HTTP サーバーを起動します (0.0.0.0:5000)
2026-01-14 01:13:23,800 [INFO] server: aiohttp startup 処理開始
2026-01-14 01:13:23,801 [INFO] server: run_control_loop タスクを開始しました
2026-01-14 01:13:23,801 [INFO] server: Starting control/broadcast loop (run_control_loop)
2026-01-14 01:13:24,971 [INFO] server: WebSocket connection established: 127.0.0.1 (connections=1)
2026-01-14 01:13:25,004 [INFO] server: Stream started
2026-01-14 01:13:25,004 [INFO] server: Starting in replay mode
2026-01-14 01:13:25,004 [INFO] server: Starting replay process
2026-01-14 01:13:25,004 [INFO] server: Replay log path: logs_ws\log_doron_Real.json
2026-01-14 01:13:25,013 [INFO] server: Replay log loading complete (count=130)
2026-01-14 01:13:30,053 [INFO] server: Replay completed (total frames=130)
2026-01-14 01:13:30,102 [INFO] server: Replay finished
2026-01-14 01:13:30,102 [INFO] server: Loop finished
